<?xml version="1.0" encoding="utf-8"?><testsuites name="pytest tests"><testsuite name="pytest" errors="0" failures="0" skipped="0" tests="13" time="116.658" timestamp="2026-03-15T10:24:53.036242+00:00" hostname="agent-env-06e4d1e9-4cc5-4ff9-b657-01938b5862f5"><testcase classname="backend.tests.test_engine_feature.TestSessionEngineField" name="test_create_session_with_engine_fal" time="0.138" /><testcase classname="backend.tests.test_engine_feature.TestSessionEngineField" name="test_create_session_with_engine_openai" time="0.107" /><testcase classname="backend.tests.test_engine_feature.TestSessionEngineField" name="test_create_session_without_engine_defaults_to_fal" time="0.102" /><testcase classname="backend.tests.test_engine_feature.TestSessionEngineField" name="test_get_session_returns_engine_fal" time="0.104" /><testcase classname="backend.tests.test_engine_feature.TestSessionEngineField" name="test_get_session_returns_engine_openai" time="0.097" /><testcase classname="backend.tests.test_engine_feature.TestSessionEngineField" name="test_get_session_old_without_engine_defaults_to_fal" time="0.104" /><testcase classname="backend.tests.test_engine_feature.TestGeneratePictoFal" name="test_generate_picto_fal" time="10.536" /><testcase classname="backend.tests.test_engine_feature.TestGeneratePictoFal" name="test_generate_picto_fal_url_accessible" time="13.321" /><testcase classname="backend.tests.test_engine_feature.TestGeneratePictoOpenAI" name="test_generate_picto_openai" time="15.076" /><testcase classname="backend.tests.test_engine_feature.TestGeneratePictoOpenAI" name="test_generate_picto_openai_url_accessible" time="16.499" /><testcase classname="backend.tests.test_engine_feature.TestGenerateIllustrationFal" name="test_generate_illustration_fal" time="13.324" /><testcase classname="backend.tests.test_engine_feature.TestGenerateIllustrationOpenAI" name="test_generate_illustration_openai" time="21.192" /><testcase classname="backend.tests.test_engine_feature.TestGenerateIllustrationOpenAI" name="test_generate_illustration_openai_url_accessible" time="26.006" /></testsuite></testsuites>