<?xml version="1.0" encoding="utf-8"?><testsuites name="pytest tests"><testsuite name="pytest" errors="0" failures="0" skipped="0" tests="21" time="55.795" timestamp="2026-03-15T09:57:50.281934+00:00" hostname="agent-env-06e4d1e9-4cc5-4ff9-b657-01938b5862f5"><testcase classname="backend.tests.test_v2_complete.TestHealthCheck" name="test_health" time="0.219" /><testcase classname="backend.tests.test_v2_complete.TestSessionsCRUD" name="test_list_sessions" time="0.105" /><testcase classname="backend.tests.test_v2_complete.TestSessionsCRUD" name="test_create_session" time="0.315" /><testcase classname="backend.tests.test_v2_complete.TestSessionsCRUD" name="test_get_nonexistent_session" time="0.100" /><testcase classname="backend.tests.test_v2_complete.TestSessionsCRUD" name="test_update_session" time="0.312" /><testcase classname="backend.tests.test_v2_complete.TestSessionsCRUD" name="test_delete_and_verify" time="0.298" /><testcase classname="backend.tests.test_v2_complete.TestOCR" name="test_ocr_with_real_image" time="0.519" /><testcase classname="backend.tests.test_v2_complete.TestPropositions" name="test_picto_propositions_with_auto_select" time="3.677" /><testcase classname="backend.tests.test_v2_complete.TestPropositions" name="test_illustration_propositions_with_auto_select" time="8.805" /><testcase classname="backend.tests.test_v2_complete.TestImageGeneration" name="test_generate_picto" time="10.340" /><testcase classname="backend.tests.test_v2_complete.TestImageGeneration" name="test_generate_illustration" time="17.363" /><testcase classname="backend.tests.test_v2_complete.TestSessionUpdate" name="test_update_session_with_media" time="0.119" /><testcase classname="backend.tests.test_v2_complete.TestExportZIP" name="test_export_zip" time="11.104" /><testcase classname="backend.tests.test_v2_complete.TestStaticReferences" name="test_picto_references_accessible" time="0.471" /><testcase classname="backend.tests.test_v2_complete.TestStaticReferences" name="test_illustration_references_accessible" time="0.640" /><testcase classname="backend.tests.test_sessions.TestSessionsCRUD" name="test_get_sessions_empty_or_list" time="0.113" /><testcase classname="backend.tests.test_sessions.TestSessionsCRUD" name="test_create_session" time="0.102" /><testcase classname="backend.tests.test_sessions.TestSessionsCRUD" name="test_create_and_get_session" time="0.296" /><testcase classname="backend.tests.test_sessions.TestSessionsCRUD" name="test_update_session" time="0.432" /><testcase classname="backend.tests.test_sessions.TestSessionsCRUD" name="test_delete_session" time="0.304" /><testcase classname="backend.tests.test_sessions.TestSessionsCRUD" name="test_get_nonexistent_session" time="0.099" /></testsuite></testsuites>