<?xml version="1.0" encoding="utf-8"?><testsuites name="pytest tests"><testsuite name="pytest" errors="0" failures="0" skipped="0" tests="12" time="6.000" timestamp="2026-03-15T10:38:29.937367+00:00" hostname="agent-env-06e4d1e9-4cc5-4ff9-b657-01938b5862f5"><testcase classname="backend.tests.test_export_word.TestExportWordNotFound" name="test_export_word_404_unknown_session" time="0.283" /><testcase classname="backend.tests.test_export_word.TestExportWordContentType" name="test_content_type_is_docx" time="0.250" /><testcase classname="backend.tests.test_export_word.TestExportWordContentDisposition" name="test_content_disposition_has_filename" time="0.228" /><testcase classname="backend.tests.test_export_word.TestExportWordContentDisposition" name="test_content_disposition_known_session" time="2.159" /><testcase classname="backend.tests.test_export_word.TestExportWordZipValid" name="test_docx_is_valid_zip_empty_session" time="0.189" /><testcase classname="backend.tests.test_export_word.TestExportWordZipValid" name="test_docx_contains_word_document_xml_empty_session" time="0.132" /><testcase classname="backend.tests.test_export_word.TestExportWordZipValid" name="test_docx_is_valid_zip_session_with_articles" time="0.185" /><testcase classname="backend.tests.test_export_word.TestExportWordZipValid" name="test_docx_is_valid_zip_session_with_images" time="1.883" /><testcase classname="backend.tests.test_export_word.TestExportWordDocumentContent" name="test_document_xml_is_parseable" time="0.127" /><testcase classname="backend.tests.test_export_word.TestExportWordDocumentContent" name="test_document_xml_contains_article_titles" time="0.157" /><testcase classname="backend.tests.test_export_word.TestExportWordDocumentContent" name="test_cover_page_title_in_document" time="0.121" /><testcase classname="backend.tests.test_export_word.TestExportWordFrenchDate" name="test_french_date_in_document" time="0.222" /></testsuite></testsuites>