<?xml version="1.0" encoding="utf-8"?><testsuites name="pytest tests"><testsuite name="pytest" errors="0" failures="1" skipped="0" tests="14" time="2.704" timestamp="2026-03-15T10:57:06.666841+00:00" hostname="agent-env-06e4d1e9-4cc5-4ff9-b657-01938b5862f5"><testcase classname="backend.tests.test_p1p2_features.TestSessionList" name="test_get_sessions_returns_200" time="0.162" /><testcase classname="backend.tests.test_p1p2_features.TestSessionList" name="test_get_sessions_returns_list" time="0.137" /><testcase classname="backend.tests.test_p1p2_features.TestSessionList" name="test_sessions_have_required_fields" time="0.145" /><testcase classname="backend.tests.test_p1p2_features.TestSessionGet" name="test_get_session_by_id" time="0.240" /><testcase classname="backend.tests.test_p1p2_features.TestSessionGet" name="test_get_nonexistent_session_returns_404" time="0.134" /><testcase classname="backend.tests.test_p1p2_features.TestSessionGet" name="test_session_has_articles" time="0.145" /><testcase classname="backend.tests.test_p1p2_features.TestSessionRename" name="test_rename_session_returns_200" time="0.099" /><testcase classname="backend.tests.test_p1p2_features.TestSessionRename" name="test_rename_session_updates_title_in_response" time="0.100" /><testcase classname="backend.tests.test_p1p2_features.TestSessionRename" name="test_rename_persists_in_get" time="0.198" /><testcase classname="backend.tests.test_p1p2_features.TestSessionRename" name="test_rename_nonexistent_session" time="0.128"><failure message="assert 200 == 404&#10; +  where 200 = &lt;Response [200]&gt;.status_code">backend/tests/test_p1p2_features.py:119: in test_rename_nonexistent_session
    assert resp.status_code == 404
E   assert 200 == 404
E    +  where 200 = &lt;Response [200]&gt;.status_code</failure></testcase><testcase classname="backend.tests.test_p1p2_features.TestSessionRename" name="test_rename_preserves_articles" time="0.210" /><testcase classname="backend.tests.test_p1p2_features.TestSessionRename" name="test_rename_preserves_engine" time="0.200" /><testcase classname="backend.tests.test_p1p2_features.TestSessionCreate" name="test_create_session_with_2_articles" time="0.197" /><testcase classname="backend.tests.test_p1p2_features.TestSessionCreate" name="test_session_engine_field_stored" time="0.528" /></testsuite></testsuites>