<?xml version="1.0" encoding="utf-8"?><testsuites name="pytest tests"><testsuite name="pytest" errors="0" failures="0" skipped="0" tests="6" time="1.879" timestamp="2026-03-14T18:15:05.927486+00:00" hostname="agent-env-58e27317-ad30-49ff-9b2b-954c654d1c97"><testcase classname="backend.tests.test_sessions.TestSessionsCRUD" name="test_get_sessions_empty_or_list" time="0.267" /><testcase classname="backend.tests.test_sessions.TestSessionsCRUD" name="test_create_session" time="0.124" /><testcase classname="backend.tests.test_sessions.TestSessionsCRUD" name="test_create_and_get_session" time="0.353" /><testcase classname="backend.tests.test_sessions.TestSessionsCRUD" name="test_update_session" time="0.521" /><testcase classname="backend.tests.test_sessions.TestSessionsCRUD" name="test_delete_session" time="0.341" /><testcase classname="backend.tests.test_sessions.TestSessionsCRUD" name="test_get_nonexistent_session" time="0.200" /></testsuite></testsuites>